{"@timestamp":"2024-12-01 22:05:31","level":"INFO","logger":"com.cen4802c.finalProject.FinalApplication","thread":"main","message":"Starting FinalApplication using Java 21.0.4 with PID 16188 (C:\\Users\\danie\\Desktop\\School\\Fall 2024\\Software Design 2 - CEN4025C\\Module 13\\Final\\target\\classes started by danie in C:\\Users\\danie\\Desktop\\School\\Fall 2024\\Software Design 2 - CEN4025C\\Module 13\\Final)","exception":""}
{"@timestamp":"2024-12-01 22:05:31","level":"INFO","logger":"com.cen4802c.finalProject.FinalApplication","thread":"main","message":"No active profile set, falling back to 1 default profile: \"default\"","exception":""}
{"@timestamp":"2024-12-01 22:05:32","level":"INFO","logger":"org.apache.coyote.http11.Http11NioProtocol","thread":"main","message":"Initializing ProtocolHandler [\"http-nio-9090\"]","exception":""}
{"@timestamp":"2024-12-01 22:05:32","level":"INFO","logger":"org.apache.catalina.core.StandardService","thread":"main","message":"Starting service [Tomcat]","exception":""}
{"@timestamp":"2024-12-01 22:05:32","level":"INFO","logger":"org.apache.catalina.core.StandardEngine","thread":"main","message":"Starting Servlet engine: [Apache Tomcat/10.1.31]","exception":""}
{"@timestamp":"2024-12-01 22:05:32","level":"INFO","logger":"org.apache.catalina.core.ContainerBase.[Tomcat].[localhost].[/]","thread":"main","message":"Initializing Spring embedded WebApplicationContext","exception":""}
{"@timestamp":"2024-12-01 22:05:32","level":"INFO","logger":"org.apache.coyote.http11.Http11NioProtocol","thread":"main","message":"Starting ProtocolHandler [\"http-nio-9090\"]","exception":""}
{"@timestamp":"2024-12-01 22:05:32","level":"INFO","logger":"com.cen4802c.finalProject.FinalApplication","thread":"main","message":"Started FinalApplication in 1.823 seconds (process running for 2.507)","exception":""}
{"@timestamp":"2024-12-01 22:08:46","level":"INFO","logger":"com.cen4802c.finalProject.FinalApplication","thread":"main","message":"Starting FinalApplication using Java 21.0.4 with PID 6240 (C:\\Users\\danie\\Desktop\\School\\Fall 2024\\Software Design 2 - CEN4025C\\Module 13\\Final\\target\\classes started by danie in C:\\Users\\danie\\Desktop\\School\\Fall 2024\\Software Design 2 - CEN4025C\\Module 13\\Final)","exception":""}
{"@timestamp":"2024-12-01 22:08:46","level":"INFO","logger":"com.cen4802c.finalProject.FinalApplication","thread":"main","message":"No active profile set, falling back to 1 default profile: \"default\"","exception":""}
{"@timestamp":"2024-12-01 22:08:47","level":"INFO","logger":"org.apache.coyote.http11.Http11NioProtocol","thread":"main","message":"Initializing ProtocolHandler [\"http-nio-9090\"]","exception":""}
{"@timestamp":"2024-12-01 22:08:47","level":"INFO","logger":"org.apache.catalina.core.StandardService","thread":"main","message":"Starting service [Tomcat]","exception":""}
{"@timestamp":"2024-12-01 22:08:47","level":"INFO","logger":"org.apache.catalina.core.StandardEngine","thread":"main","message":"Starting Servlet engine: [Apache Tomcat/10.1.31]","exception":""}
{"@timestamp":"2024-12-01 22:08:47","level":"INFO","logger":"org.apache.catalina.core.ContainerBase.[Tomcat].[localhost].[/]","thread":"main","message":"Initializing Spring embedded WebApplicationContext","exception":""}
{"@timestamp":"2024-12-01 22:08:47","level":"INFO","logger":"org.apache.coyote.http11.Http11NioProtocol","thread":"main","message":"Starting ProtocolHandler [\"http-nio-9090\"]","exception":""}
{"@timestamp":"2024-12-01 22:08:47","level":"INFO","logger":"com.cen4802c.finalProject.FinalApplication","thread":"main","message":"Started FinalApplication in 1.79 seconds (process running for 2.495)","exception":""}
{"@timestamp":"2024-12-01 22:10:10","level":"INFO","logger":"com.cen4802c.finalProject.FinalApplication","thread":"main","message":"Starting FinalApplication using Java 21.0.4 with PID 16092 (C:\\Users\\danie\\Desktop\\School\\Fall 2024\\Software Design 2 - CEN4025C\\Module 13\\Final\\target\\classes started by danie in C:\\Users\\danie\\Desktop\\School\\Fall 2024\\Software Design 2 - CEN4025C\\Module 13\\Final)","exception":""}
{"@timestamp":"2024-12-01 22:10:10","level":"INFO","logger":"com.cen4802c.finalProject.FinalApplication","thread":"main","message":"No active profile set, falling back to 1 default profile: \"default\"","exception":""}
{"@timestamp":"2024-12-01 22:10:11","level":"INFO","logger":"org.apache.coyote.http11.Http11NioProtocol","thread":"main","message":"Initializing ProtocolHandler [\"http-nio-9090\"]","exception":""}
{"@timestamp":"2024-12-01 22:10:11","level":"INFO","logger":"org.apache.catalina.core.StandardService","thread":"main","message":"Starting service [Tomcat]","exception":""}
{"@timestamp":"2024-12-01 22:10:11","level":"INFO","logger":"org.apache.catalina.core.StandardEngine","thread":"main","message":"Starting Servlet engine: [Apache Tomcat/10.1.31]","exception":""}
{"@timestamp":"2024-12-01 22:10:11","level":"INFO","logger":"org.apache.catalina.core.ContainerBase.[Tomcat].[localhost].[/]","thread":"main","message":"Initializing Spring embedded WebApplicationContext","exception":""}
{"@timestamp":"2024-12-01 22:10:11","level":"INFO","logger":"org.apache.coyote.http11.Http11NioProtocol","thread":"main","message":"Starting ProtocolHandler [\"http-nio-9090\"]","exception":""}
{"@timestamp":"2024-12-01 22:10:11","level":"INFO","logger":"com.cen4802c.finalProject.FinalApplication","thread":"main","message":"Started FinalApplication in 1.8 seconds (process running for 2.42)","exception":""}
{"@timestamp":"2024-12-01 22:25:53","level":"INFO","logger":"com.cen4802c.finalProject.ControllerTest","thread":"main","message":"Starting ControllerTest using Java 21.0.4 with PID 7596 (started by danie in C:\\Users\\danie\\Desktop\\School\\Fall 2024\\Software Design 2 - CEN4025C\\Module 13\\Final)","exception":""}
{"@timestamp":"2024-12-01 22:25:53","level":"INFO","logger":"com.cen4802c.finalProject.ControllerTest","thread":"main","message":"No active profile set, falling back to 1 default profile: \"default\"","exception":""}
{"@timestamp":"2024-12-01 22:25:54","level":"INFO","logger":"com.cen4802c.finalProject.ControllerTest","thread":"main","message":"Started ControllerTest in 1.793 seconds (process running for 2.954)","exception":""}
{"@timestamp":"2024-12-01 22:25:55","level":"ERROR","logger":"com.cen4802c.finalProject.springbootController","thread":"main","message":"Attempted to divide by zero: 5.0 / 0.0","exception":""}
{"@timestamp":"2024-12-01 22:25:55","level":"INFO","logger":"com.cen4802c.finalProject.springbootController","thread":"main","message":"Addition result: 15.0 + 20.0 = 35.0","exception":""}
{"@timestamp":"2024-12-01 22:25:55","level":"INFO","logger":"com.cen4802c.finalProject.springbootController","thread":"main","message":"Multiplication result: 10.0 * 10.0 = 100.0","exception":""}
{"@timestamp":"2024-12-01 22:25:55","level":"INFO","logger":"com.cen4802c.finalProject.springbootController","thread":"main","message":"Division result: 30.0 / 10.0 = 3.0","exception":""}
{"@timestamp":"2024-12-01 22:25:55","level":"INFO","logger":"com.cen4802c.finalProject.springbootController","thread":"main","message":"Subtraction result: 30.0 - 11.0 = 19.0","exception":""}
{"@timestamp":"2024-12-01 22:25:55","level":"INFO","logger":"com.cen4802c.finalProject.FinalApplicationTest","thread":"main","message":"Starting FinalApplicationTest using Java 21.0.4 with PID 7596 (started by danie in C:\\Users\\danie\\Desktop\\School\\Fall 2024\\Software Design 2 - CEN4025C\\Module 13\\Final)","exception":""}
{"@timestamp":"2024-12-01 22:25:55","level":"INFO","logger":"com.cen4802c.finalProject.FinalApplicationTest","thread":"main","message":"No active profile set, falling back to 1 default profile: \"default\"","exception":""}
{"@timestamp":"2024-12-01 22:25:56","level":"INFO","logger":"com.cen4802c.finalProject.FinalApplicationTest","thread":"main","message":"Started FinalApplicationTest in 0.474 seconds (process running for 4.663)","exception":""}
{"@timestamp":"2024-12-01 22:34:38","level":"INFO","logger":"com.cen4802c.finalProject.FinalApplication","thread":"main","message":"Starting FinalApplication using Java 21.0.4 with PID 18140 (C:\\Users\\danie\\Desktop\\School\\Fall 2024\\Software Design 2 - CEN4025C\\Module 13\\Final\\target\\classes started by danie in C:\\Users\\danie\\Desktop\\School\\Fall 2024\\Software Design 2 - CEN4025C\\Module 13\\Final)","exception":""}
{"@timestamp":"2024-12-01 22:34:38","level":"INFO","logger":"com.cen4802c.finalProject.FinalApplication","thread":"main","message":"No active profile set, falling back to 1 default profile: \"default\"","exception":""}
{"@timestamp":"2024-12-01 22:34:39","level":"INFO","logger":"org.apache.coyote.http11.Http11NioProtocol","thread":"main","message":"Initializing ProtocolHandler [\"http-nio-9090\"]","exception":""}
{"@timestamp":"2024-12-01 22:34:39","level":"INFO","logger":"org.apache.catalina.core.StandardService","thread":"main","message":"Starting service [Tomcat]","exception":""}
{"@timestamp":"2024-12-01 22:34:39","level":"INFO","logger":"org.apache.catalina.core.StandardEngine","thread":"main","message":"Starting Servlet engine: [Apache Tomcat/10.1.31]","exception":""}
{"@timestamp":"2024-12-01 22:34:39","level":"INFO","logger":"org.apache.catalina.core.ContainerBase.[Tomcat].[localhost].[/]","thread":"main","message":"Initializing Spring embedded WebApplicationContext","exception":""}
{"@timestamp":"2024-12-01 22:34:40","level":"INFO","logger":"org.apache.coyote.http11.Http11NioProtocol","thread":"main","message":"Starting ProtocolHandler [\"http-nio-9090\"]","exception":""}
{"@timestamp":"2024-12-01 22:34:40","level":"INFO","logger":"com.cen4802c.finalProject.FinalApplication","thread":"main","message":"Started FinalApplication in 2.041 seconds (process running for 2.642)","exception":""}
{"@timestamp":"2024-12-01 22:34:53","level":"INFO","logger":"org.apache.catalina.core.ContainerBase.[Tomcat].[localhost].[/]","thread":"http-nio-9090-exec-3","message":"Initializing Spring DispatcherServlet 'dispatcherServlet'","exception":""}
{"@timestamp":"2024-12-01 22:34:53","level":"INFO","logger":"com.cen4802c.finalProject.springbootController","thread":"http-nio-9090-exec-3","message":"Addition result: 1.0 + 29.0 = 30.0","exception":""}
{"@timestamp":"2024-12-01 22:41:04","level":"INFO","logger":"com.cen4802c.finalProject.ControllerTest","thread":"main","message":"Starting ControllerTest using Java 21.0.4 with PID 13892 (started by danie in C:\\Users\\danie\\Desktop\\School\\Fall 2024\\Software Design 2 - CEN4025C\\Module 13\\Final)","exception":""}
{"@timestamp":"2024-12-01 22:41:04","level":"INFO","logger":"com.cen4802c.finalProject.ControllerTest","thread":"main","message":"No active profile set, falling back to 1 default profile: \"default\"","exception":""}
{"@timestamp":"2024-12-01 22:41:06","level":"INFO","logger":"com.cen4802c.finalProject.ControllerTest","thread":"main","message":"Started ControllerTest in 1.843 seconds (process running for 2.956)","exception":""}
{"@timestamp":"2024-12-01 22:41:06","level":"ERROR","logger":"com.cen4802c.finalProject.springbootController","thread":"main","message":"Attempted to divide by zero: 5.0 / 0.0","exception":""}
{"@timestamp":"2024-12-01 22:41:07","level":"INFO","logger":"com.cen4802c.finalProject.springbootController","thread":"main","message":"Addition result: 15.0 + 20.0 = 35.0","exception":""}
{"@timestamp":"2024-12-01 22:41:07","level":"INFO","logger":"com.cen4802c.finalProject.springbootController","thread":"main","message":"Multiplication result: 10.0 * 10.0 = 100.0","exception":""}
{"@timestamp":"2024-12-01 22:41:07","level":"INFO","logger":"com.cen4802c.finalProject.springbootController","thread":"main","message":"Division result: 30.0 / 10.0 = 3.0","exception":""}
{"@timestamp":"2024-12-01 22:41:07","level":"INFO","logger":"com.cen4802c.finalProject.springbootController","thread":"main","message":"Subtraction result: 30.0 - 11.0 = 19.0","exception":""}
{"@timestamp":"2024-12-01 22:41:07","level":"INFO","logger":"com.cen4802c.finalProject.FinalApplicationTest","thread":"main","message":"Starting FinalApplicationTest using Java 21.0.4 with PID 13892 (started by danie in C:\\Users\\danie\\Desktop\\School\\Fall 2024\\Software Design 2 - CEN4025C\\Module 13\\Final)","exception":""}
{"@timestamp":"2024-12-01 22:41:07","level":"INFO","logger":"com.cen4802c.finalProject.FinalApplicationTest","thread":"main","message":"No active profile set, falling back to 1 default profile: \"default\"","exception":""}
{"@timestamp":"2024-12-01 22:41:07","level":"INFO","logger":"com.cen4802c.finalProject.FinalApplicationTest","thread":"main","message":"Started FinalApplicationTest in 0.653 seconds (process running for 4.752)","exception":""}
{"@timestamp":"2024-12-01 22:46:06","level":"INFO","logger":"com.cen4802c.finalProject.FinalApplication","thread":"main","message":"Starting FinalApplication using Java 21.0.4 with PID 19068 (C:\\Users\\danie\\Desktop\\School\\Fall 2024\\Software Design 2 - CEN4025C\\Module 13\\Final\\target\\classes started by danie in C:\\Users\\danie\\Desktop\\School\\Fall 2024\\Software Design 2 - CEN4025C\\Module 13\\Final)","exception":""}
{"@timestamp":"2024-12-01 22:46:06","level":"INFO","logger":"com.cen4802c.finalProject.FinalApplication","thread":"main","message":"No active profile set, falling back to 1 default profile: \"default\"","exception":""}
{"@timestamp":"2024-12-01 22:46:07","level":"INFO","logger":"org.apache.coyote.http11.Http11NioProtocol","thread":"main","message":"Initializing ProtocolHandler [\"http-nio-9090\"]","exception":""}
{"@timestamp":"2024-12-01 22:46:07","level":"INFO","logger":"org.apache.catalina.core.StandardService","thread":"main","message":"Starting service [Tomcat]","exception":""}
{"@timestamp":"2024-12-01 22:46:07","level":"INFO","logger":"org.apache.catalina.core.StandardEngine","thread":"main","message":"Starting Servlet engine: [Apache Tomcat/10.1.31]","exception":""}
{"@timestamp":"2024-12-01 22:46:07","level":"INFO","logger":"org.apache.catalina.core.ContainerBase.[Tomcat].[localhost].[/]","thread":"main","message":"Initializing Spring embedded WebApplicationContext","exception":""}
{"@timestamp":"2024-12-01 22:46:08","level":"INFO","logger":"org.apache.coyote.http11.Http11NioProtocol","thread":"main","message":"Starting ProtocolHandler [\"http-nio-9090\"]","exception":""}
{"@timestamp":"2024-12-01 22:46:08","level":"INFO","logger":"com.cen4802c.finalProject.FinalApplication","thread":"main","message":"Started FinalApplication in 1.789 seconds (process running for 2.108)","exception":""}
{"@timestamp":"2024-12-01 22:46:22","level":"INFO","logger":"org.apache.catalina.core.ContainerBase.[Tomcat].[localhost].[/]","thread":"http-nio-9090-exec-1","message":"Initializing Spring DispatcherServlet 'dispatcherServlet'","exception":""}
{"@timestamp":"2024-12-01 22:46:22","level":"INFO","logger":"com.cen4802c.finalProject.springbootController","thread":"http-nio-9090-exec-1","message":"Addition result: 1.0 + 15.0 = 16.0","exception":""}
